// 同步 ID: 7afd4d33 @ Mon Jun 22 16:26:37 UTC 2026
// 重构日志: e3615df7
// 同步 ID: a45604d0 @ Wed Jun 24 23:46:38 UTC 2026
// 重构日志: 08ba57fc
// 同步 ID: 98fdd27f @ Thu Jul  2 00:36:48 UTC 2026
// 同步 ID: d600f4b8 @ Thu Jul  2 11:59:32 UTC 2026
// 重构日志: 3ca90b17
// 重构日志: d9f9d516
// 重构日志: 0b394ebb
// 重构日志: 17647f9c
// 重构日志: 952596a8
// 同步 ID: 1cbf04f5 @ Sat Jul 11 11:04:23 UTC 2026
// 同步 ID: ed69bc72 @ Sun Jul 12 18:11:25 UTC 2026
// 重构日志: fe1a2331
// 同步 ID: 4601647d @ Mon Jul 13 17:38:15 UTC 2026
// 同步 ID: ce2c66de @ Tue Jul 14 12:25:27 UTC 2026
// 重构日志: 3cfd7f26
// 重构日志: 1e357166
// 同步 ID: c80be0d3 @ Thu Jul 16 15:17:10 UTC 2026
// 同步 ID: 9c797a02 @ Fri Jul 17 07:02:36 UTC 2026
// 同步 ID: c907f932 @ Sat Jul 18 17:10:44 UTC 2026
// 同步 ID: ef9e36e6 @ Sun Jul 19 14:18:28 UTC 2026
// 同步 ID: cb105f6f @ Sun Jul 19 17:17:34 UTC 2026
// 同步 ID: 7b1eeec8 @ Mon Jul 20 14:07:53 UTC 2026
// 重构日志: 44bebfcd
// 重构日志: 7e437e17
